<?xml version="1.0" encoding="UTF-8"?>
<!-- Generated by org.testng.reporters.JUnitXMLReporter -->
<testsuite hostname="MOMANDAR-3VMBX" name="Test" tests="4" failures="0" timestamp="13 Nov 2018 12:32:32 GMT" time="47.751" errors="0">
  <testcase name="login" time="29.082" classname="testcase.TC_login"/>
  <testcase name="Organization" time="14.867" classname="testcase.TC_NewMemOrgInivite"/>
  <testcase name="Organization" time="0.682" classname="testcase.TC_rmpendinguser"/>
  <testcase name="Organization" time="2.594" classname="testcase.TC_ResendPendingUserInvite"/>
</testsuite> <!-- Test -->
