<?xml version="1.0" encoding="UTF-8"?>
<!-- Generated by org.testng.reporters.JUnitXMLReporter -->
<testsuite hostname="MOMANDAR-3VMBX" name="Test(failed)" tests="2" failures="2" timestamp="9 Nov 2018 12:30:59 GMT" time="49.337" errors="0">
  <testcase name="login" time="4.175" classname="testcase.TC_Workspace">
    <failure type="java.lang.NullPointerException">
      <![CDATA[java.lang.NullPointerException
	at pages.MainPage.createNewWS(MainPage.java:32)
	at testcase.TC_Workspace.login(TC_Workspace.java:19)
... Removed 24 stack frames]]>
    </failure>
  </testcase> <!-- login -->
  <testcase name="login" time="44.492" classname="testcase.TC_login">
    <failure type="java.lang.NullPointerException">
      <![CDATA[java.lang.NullPointerException
	at pages.MainPage.createNewWS(MainPage.java:32)
	at testcase.TC_login.login(TC_login.java:26)
... Removed 24 stack frames]]>
    </failure>
  </testcase> <!-- login -->
</testsuite> <!-- Test(failed) -->
